<?xml version="1.0" encoding="UTF-8"?>
<!-- Generated by org.testng.reporters.JUnitReportReporter -->
<testsuite skipped="0" hostname="NODE147" name="IrctcAssert.Irctcassert" tests="1" failures="0" timestamp="19 Oct 2016 07:01:53 GMT" time="71.470" errors="0">
  <testcase name="setup" time="71.470" classname="IrctcAssert.Irctcassert"/>
</testsuite> <!-- IrctcAssert.Irctcassert -->
