<?xml version="1.0" encoding="UTF-8"?>
<!-- Generated by org.testng.reporters.JUnitReportReporter -->
<testsuite skipped="0" hostname="NODE147" name="Yatratable.table" tests="1" failures="0" timestamp="18 Oct 2016 06:30:32 GMT" time="88.585" errors="0">
  <testcase name="Yatra" time="88.585" classname="Yatratable.table"/>
</testsuite> <!-- Yatratable.table -->
