<?xml version="1.0" encoding="UTF-8"?>
<!-- Generated by org.testng.reporters.JUnitReportReporter -->
<testsuite skipped="0" hostname="NODE147" name="yatraParallel.Parallel" tests="2" failures="0" timestamp="19 Oct 2016 06:43:49 GMT" time="47.006" errors="0">
  <testcase name="YatraP" time="23.262" classname="yatraParallel.Parallel"/>
  <testcase name="YatraPa" time="23.744" classname="yatraParallel.Parallel"/>
</testsuite> <!-- yatraParallel.Parallel -->
