<?xml version="1.0" encoding="UTF-8"?>
<!-- Generated by org.testng.reporters.JUnitReportReporter -->
<testsuite skipped="0" hostname="NODE147" name="parameteized.para" tests="2" failures="0" timestamp="19 Oct 2016 07:35:18 GMT" time="127.007" errors="0">
  <testcase name="para1" time="65.603" classname="parameteized.para"/>
  <testcase name="para1" time="61.404" classname="parameteized.para"/>
</testsuite> <!-- parameteized.para -->
